C51 COMPILER V9.60.0.0   LAB1                                                              04/24/2024 15:32:19 PAGE 1   


C51 COMPILER V9.60.0.0, COMPILATION OF MODULE LAB1
OBJECT MODULE PLACED IN .\Objects\lab1.obj
COMPILER INVOKED BY: D:\SDK\Keil_v5\C51\BIN\C51.EXE lab1.c OPTIMIZE(8,SPEED) BROWSE DEBUG OBJECTEXTEND PRINT(.\Listings\
                    -lab1.lst) OBJECT(.\Objects\lab1.obj)

line level    source

   1          #include <reg52.h>
   2          typedef unsigned int unit;
   3          
   4          typedef unsigned char uchar;
   5          
   6          uchar code table[17]={0x3f,0x06,0x5b,0x4f,0x66,0x6d,0x7d,0x07,0x7f,0x6f,0x77,0x7c,0x39,0x5e,0x79,0x71};
   7          sbit dula=P2^6;
   8          sbit wela=P2^7;
   9          sbit d1=P1^0;
  10          uchar num,tt;
  11          
  12          
  13          void main(){
  14   1              TMOD=0x01;//设置定时器0为工作方式1
  15   1              TH0=(65536-50000)/256;
  16   1              TL0=(65536-50000)%256;
  17   1          EA=1;
  18   1              ET0=1;//开定时器0中断
  19   1              TR0=1;//启动定时器0
  20   1              
  21   1          wela=1;
  22   1          P0=0xc0;
  23   1          wela=0;
  24   1          while (1)
  25   1          {
  26   2                      if(tt==20)
  27   2                      {
  28   3                              num++;
  29   3                              d1=1;
  30   3                  dula=1;
  31   3                  P0=table[num];
  32   3                  dula=0;
  33   3                         
  34   3              }      
  35   2          }
  36   1      }
  37          
  38          void exter0() interrupt 1
  39          {
  40   1              TH0=(65536-50000)/256;
  41   1              TL0=(65536-50000)%256;
  42   1              tt++;
  43   1      }


MODULE INFORMATION:   STATIC OVERLAYABLE
   CODE SIZE        =     55    ----
   CONSTANT SIZE    =     17    ----
   XDATA SIZE       =   ----    ----
   PDATA SIZE       =   ----    ----
   DATA SIZE        =      2    ----
   IDATA SIZE       =   ----    ----
   BIT SIZE         =   ----    ----
END OF MODULE INFORMATION.

C51 COMPILER V9.60.0.0   LAB1                                                              04/24/2024 15:32:19 PAGE 2   


C51 COMPILATION COMPLETE.  0 WARNING(S),  0 ERROR(S)
