C51 COMPILER V9.60.0.0   LAB4                                                              04/25/2024 13:49:39 PAGE 1   


C51 COMPILER V9.60.0.0, COMPILATION OF MODULE LAB4
OBJECT MODULE PLACED IN .\Objects\lab4.obj
COMPILER INVOKED BY: D:\SDK\Keil_v5\C51\BIN\C51.EXE lab4.c OPTIMIZE(8,SPEED) BROWSE DEBUG OBJECTEXTEND PRINT(.\Listings\
                    -lab4.lst) OBJECT(.\Objects\lab4.obj)

line level    source

   1          #include <reg52.h>
   2          sbit ADDR0 = P1 ^ 0;
   3          sbit ADDR1 = P1 ^ 1;
   4          sbit ADDR2 = P1 ^ 2;
   5          sbit ADDR3 = P1 ^ 3;
   6          sbit ENLED = P1 ^ 4;
   7          unsigned char code LedChar[] = { // Êï∞Á†ÅÁÆ°ÊòæÁ§∫Â≠óÁ¨¶ËΩ¨Êç¢Ë°®
   8              0xC0, 0xF9, 0xA4, 0xB0, 0x99, 0x92, 0x82, 0xF8,
   9              0x80, 0x90, 0x88, 0x83, 0xC6, 0xA1, 0x86, 0x8E};
  10          unsigned char LedBuff[6] = { // Êï∞Á†ÅÁÆ°ÊòæÁ§∫ÁºìÂÜ≤Âå∫ÔºåÂàùÂÄº 0xFF Á°Æ‰øùÂêØÂä®Êó∂ÈÉΩ‰∏ç‰∫Æ
  11              0xFF, 0xFF, 0xFF, 0xFF, 0xFF, 0xFF};
  12          void main()
  13          {
  14   1          unsigned char i = 0;   // Âä®ÊÄÅÊâ´ÊèèÁöÑÁ¥¢Âºï
  15   1          unsigned int cnt = 0;  // ËÆ∞ÂΩï T0 ‰∏≠Êñ≠Ê¨°Êï∞
  16   1          unsigned long sec = 0; // ËÆ∞ÂΩïÁªèËøáÁöÑÁßíÊï∞
  17   1          ENLED = 0;             // ‰ΩøËÉΩ U3ÔºåÈÄâÊã©ÊéßÂà∂Êï∞Á†ÅÁÆ°
  18   1          ADDR3 = 1;             // Âõ†‰∏∫ÈúÄË¶ÅÂä®ÊÄÅÊîπÂèò ADDR0-2 ÁöÑÂÄºÔºåÊâÄ‰ª•‰∏çÈúÄË¶ÅÂÜçÂàùÂßãÂåñ‰∫Ü
  19   1          TMOD = 0x01;           // ËÆæÁΩÆ T0 ‰∏∫Ê®°Âºè 1
  20   1          TH0 = 0xFC;            // ‰∏∫ T0 ËµãÂàùÂÄº 0xFC67ÔºåÂÆöÊó∂ 1ms
  21   1          TL0 = 0x67;
  22   1          TR0 = 1; // ÂêØÂä® T0
  23   1          while (1)
  24   1      
  25   1          {
  26   2              if (TF0 == 1) // Âà§Êñ≠ T0 ÊòØÂê¶Ê∫¢Âá∫
  27   2              {
  28   3                  TF0 = 0;    // T0 Ê∫¢Âá∫ÂêéÔºåÊ∏ÖÈõ∂‰∏≠Êñ≠Ê†áÂøó
  29   3                  TH0 = 0xFC; // Âπ∂ÈáçÊñ∞ËµãÂàùÂÄº
  30   3                  TL0 = 0x67;
  31   3                  cnt++;           // ËÆ°Êï∞ÂÄºËá™Âä† 1
  32   3                  if (cnt >= 2) // Âà§Êñ≠ T0 Ê∫¢Âá∫ÊòØÂê¶ËææÂà∞ 1000 Ê¨°
  33   3                  {
  34   4                      cnt = 0; // ËææÂà∞ 1000 Ê¨°ÂêéËÆ°Êï∞ÂÄºÊ∏ÖÈõ∂
  35   4                      sec++;   // ÁßíËÆ°Êï∞Ëá™Âä† 1
  36   4                      // ‰ª•‰∏ã‰ª£Á†ÅÂ∞Ü sec ÊåâÂçÅËøõÂà∂‰Ωç‰ªé‰ΩéÂà∞È´ò‰æùÊ¨°ÊèêÂèñÂπ∂ËΩ¨‰∏∫Êï∞Á†ÅÁÆ°ÊòæÁ§∫Â≠óÁ
             -¨¶
  37   4                      LedBuff[0] = LedChar[sec % 10];
  38   4                      LedBuff[1] = LedChar[sec / 10 % 10];
  39   4                      LedBuff[2] = LedChar[sec / 100 % 10];
  40   4                      LedBuff[3] = LedChar[sec / 1000 % 10];
  41   4                      LedBuff[4] = LedChar[sec / 10000 % 10];
  42   4                      LedBuff[5] = LedChar[sec / 100000 % 10];
  43   4                  }
  44   3                  // ‰ª•‰∏ã‰ª£Á†ÅÂÆåÊàêÊï∞Á†ÅÁÆ°Âä®ÊÄÅÊâ´ÊèèÂà∑Êñ∞
  45   3                  switch (i)
  46   3                  {
  47   4                  case 0:
  48   4                      ADDR2 = 0;
  49   4                      ADDR1 = 0;
  50   4                      ADDR0 = 0;
  51   4                      i++;
  52   4                      P0 = LedBuff[0];
  53   4                      break;
C51 COMPILER V9.60.0.0   LAB4                                                              04/25/2024 13:49:39 PAGE 2   

  54   4                  case 1:
  55   4                      ADDR2 = 0;
  56   4                      ADDR1 = 0;
  57   4                      ADDR0 = 1;
  58   4                      i++;
  59   4                      P0 = LedBuff[1];
  60   4                      break;
  61   4                  case 2:
  62   4                      ADDR2 = 0;
  63   4                      ADDR1 = 1;
  64   4                      ADDR0 = 0;
  65   4                      i++;
  66   4                      P0 = LedBuff[2];
  67   4                      break;
  68   4                  case 3:
  69   4                      ADDR2 = 0;
  70   4                      ADDR1 = 1;
  71   4                      ADDR0 = 1;
  72   4                      i++;
  73   4                      P0 = LedBuff[3];
  74   4                      break;
  75   4                  case 4:
  76   4                      ADDR2 = 1;
  77   4                      ADDR1 = 0;
  78   4                      ADDR0 = 0;
  79   4                      i++;
  80   4                      P0 = LedBuff[4];
  81   4                      break;
  82   4                  case 5:
  83   4                      ADDR2 = 1;
  84   4                      ADDR1 = 0;
  85   4                      ADDR0 = 1;
  86   4                      i = 0;
  87   4                      P0 = LedBuff[5];
  88   4                      break;
  89   4                  default:
  90   4                      break;
  91   4                  }
  92   3              }
  93   2          }
  94   1      }


MODULE INFORMATION:   STATIC OVERLAYABLE
   CODE SIZE        =    431    ----
   CONSTANT SIZE    =     16    ----
   XDATA SIZE       =   ----    ----
   PDATA SIZE       =   ----    ----
   DATA SIZE        =      6       7
   IDATA SIZE       =   ----    ----
   BIT SIZE         =   ----    ----
END OF MODULE INFORMATION.


C51 COMPILATION COMPLETE.  0 WARNING(S),  0 ERROR(S)
